<?xml version="1.0" encoding="UTF-8"?>
<!-- Generated by org.testng.reporters.JUnitReportReporter -->
<testsuite hostname="DESKTOP-EK5PKPI" failures="0" tests="2" name="AutomationWIthJava.ErrorValidation" time="22.983" errors="0" timestamp="2024-08-04T16:12:40 IST" skipped="0">
  <testcase classname="AutomationWIthJava.ErrorValidation" name="loginErrorValidation" time="8.300"/>
  <testcase classname="AutomationWIthJava.ErrorValidation" name="productErrorValidation" time="14.683"/>
</testsuite> <!-- AutomationWIthJava.ErrorValidation -->
