<?xml version="1.0" encoding="UTF-8"?>
<!-- Generated by org.testng.reporters.JUnitReportReporter -->
<testsuite hostname="DESKTOP-EK5PKPI" failures="0" tests="3" name="AutomationWIthJava.StandAloneTest" time="43.674" errors="0" timestamp="2024-08-07T16:43:53 IST" skipped="0">
  <testcase classname="AutomationWIthJava.StandAloneTest" name="submitOrderTest" time="17.384"/>
  <testcase classname="AutomationWIthJava.StandAloneTest" name="orderConfirmation" time="8.545"/>
  <testcase classname="AutomationWIthJava.StandAloneTest" name="submitOrderTest" time="17.745"/>
</testsuite> <!-- AutomationWIthJava.StandAloneTest -->
